# JRE version: Java(TM) SE Runtime Environment (8.0_192-b12) (build 1.8.0_192-b12)
# Java VM: Java HotSpot(TM) 64-Bit Server VM (25.192-b12 mixed mode bsd-amd64 compressed oops)
Heap:
 PSYoungGen      total 55296K, used 44612K [0x0000000795580000, 0x0000000799280000, 0x00000007c0000000)
  eden space 50176K, 86% used [0x0000000795580000,0x0000000797fb52e0,0x0000000798680000)
  from space 5120K, 27% used [0x0000000798d80000,0x0000000798edc050,0x0000000799280000)
  to   space 6144K, 0% used [0x0000000798680000,0x0000000798680000,0x0000000798c80000)
 ParOldGen       total 67072K, used 24872K [0x0000000740000000, 0x0000000744180000, 0x0000000795580000)
  object space 67072K, 37% used [0x0000000740000000,0x000000074184a0e8,0x0000000744180000)
 Metaspace       used 25142K, capacity 25581K, committed 25984K, reserved 1073152K
  class space    used 2493K, capacity 2631K, committed 2688K, reserved 1048576K
GC Heap History (10 events):
Event: 173.855 GC heap before
{Heap before GC invocations=33 (full 1):
 PSYoungGen      total 55808K, used 55424K [0x0000000795580000, 0x0000000799a80000, 0x00000007c0000000)
  eden space 55296K, 100% used [0x0000000795580000,0x0000000798b80000,0x0000000798b80000)
  from space 512K, 25% used [0x0000000798c80000,0x0000000798ca0000,0x0000000798d00000)
  to   space 7680K, 0% used [0x0000000799300000,0x0000000799300000,0x0000000799a80000)
 ParOldGen       total 67072K, used 24800K [0x0000000740000000, 0x0000000744180000, 0x0000000795580000)
  object space 67072K, 36% used [0x0000000740000000,0x00000007418380e8,0x0000000744180000)
 Metaspace       used 25050K, capacity 25449K, committed 25728K, reserved 1073152K
  class space    used 2479K, capacity 2629K, committed 2688K, reserved 1048576K
Event: 173.857 GC heap after
Heap after GC invocations=33 (full 1):
 PSYoungGen      total 59904K, used 192K [0x0000000795580000, 0x0000000799880000, 0x00000007c0000000)
  eden space 54272K, 0% used [0x0000000795580000,0x0000000795580000,0x0000000798a80000)
  from space 5632K, 3% used [0x0000000799300000,0x0000000799330000,0x0000000799880000)
  to   space 7168K, 0% used [0x0000000798a80000,0x0000000798a80000,0x0000000799180000)
 ParOldGen       total 67072K, used 24800K [0x0000000740000000, 0x0000000744180000, 0x0000000795580000)
  object space 67072K, 36% used [0x0000000740000000,0x00000007418380e8,0x0000000744180000)
 Metaspace       used 25050K, capacity 25449K, committed 25728K, reserved 1073152K
  class space    used 2479K, capacity 2629K, committed 2688K, reserved 1048576K
}
Event: 177.622 GC heap before
{Heap before GC invocations=34 (full 1):
 PSYoungGen      total 59904K, used 54464K [0x0000000795580000, 0x0000000799880000, 0x00000007c0000000)
  eden space 54272K, 100% used [0x0000000795580000,0x0000000798a80000,0x0000000798a80000)
  from space 5632K, 3% used [0x0000000799300000,0x0000000799330000,0x0000000799880000)
  to   space 7168K, 0% used [0x0000000798a80000,0x0000000798a80000,0x0000000799180000)
 ParOldGen       total 67072K, used 24800K [0x0000000740000000, 0x0000000744180000, 0x0000000795580000)
  object space 67072K, 36% used [0x0000000740000000,0x00000007418380e8,0x0000000744180000)
 Metaspace       used 25051K, capacity 25449K, committed 25728K, reserved 1073152K
  class space    used 2479K, capacity 2629K, committed 2688K, reserved 1048576K
Event: 177.625 GC heap after
Heap after GC invocations=34 (full 1):
 PSYoungGen      total 53760K, used 192K [0x0000000795580000, 0x0000000799780000, 0x00000007c0000000)
  eden space 53248K, 0% used [0x0000000795580000,0x0000000795580000,0x0000000798980000)
  from space 512K, 37% used [0x0000000798a80000,0x0000000798ab0000,0x0000000798b00000)
  to   space 7168K, 0% used [0x0000000799080000,0x0000000799080000,0x0000000799780000)
 ParOldGen       total 67072K, used 24824K [0x0000000740000000, 0x0000000744180000, 0x0000000795580000)
  object space 67072K, 37% used [0x0000000740000000,0x000000074183e0e8,0x0000000744180000)
 Metaspace       used 25051K, capacity 25449K, committed 25728K, reserved 1073152K
  class space    used 2479K, capacity 2629K, committed 2688K, reserved 1048576K
}
Event: 181.321 GC heap before
{Heap before GC invocations=35 (full 1):
 PSYoungGen      total 53760K, used 53440K [0x0000000795580000, 0x0000000799780000, 0x00000007c0000000)
  eden space 53248K, 100% used [0x0000000795580000,0x0000000798980000,0x0000000798980000)
  from space 512K, 37% used [0x0000000798a80000,0x0000000798ab0000,0x0000000798b00000)
  to   space 7168K, 0% used [0x0000000799080000,0x0000000799080000,0x0000000799780000)
 ParOldGen       total 67072K, used 24824K [0x0000000740000000, 0x0000000744180000, 0x0000000795580000)
  object space 67072K, 37% used [0x0000000740000000,0x000000074183e0e8,0x0000000744180000)
 Metaspace       used 25051K, capacity 25449K, committed 25728K, reserved 1073152K
  class space    used 2479K, capacity 2629K, committed 2688K, reserved 1048576K
Event: 181.323 GC heap after
Heap after GC invocations=35 (full 1):
 PSYoungGen      total 57344K, used 128K [0x0000000795580000, 0x0000000799580000, 0x00000007c0000000)
  eden space 52224K, 0% used [0x0000000795580000,0x0000000795580000,0x0000000798880000)
  from space 5120K, 2% used [0x0000000799080000,0x00000007990a0000,0x0000000799580000)
  to   space 6656K, 0% used [0x0000000798880000,0x0000000798880000,0x0000000798f00000)
 ParOldGen       total 67072K, used 24832K [0x0000000740000000, 0x0000000744180000, 0x0000000795580000)
  object space 67072K, 37% used [0x0000000740000000,0x00000007418400e8,0x0000000744180000)
 Metaspace       used 25051K, capacity 25449K, committed 25728K, reserved 1073152K
  class space    used 2479K, capacity 2629K, committed 2688K, reserved 1048576K
}
Event: 185.171 GC heap before
{Heap before GC invocations=36 (full 1):
 PSYoungGen      total 57344K, used 52352K [0x0000000795580000, 0x0000000799580000, 0x00000007c0000000)
  eden space 52224K, 100% used [0x0000000795580000,0x0000000798880000,0x0000000798880000)
  from space 5120K, 2% used [0x0000000799080000,0x00000007990a0000,0x0000000799580000)
  to   space 6656K, 0% used [0x0000000798880000,0x0000000798880000,0x0000000798f00000)
 ParOldGen       total 67072K, used 24832K [0x0000000740000000, 0x0000000744180000, 0x0000000795580000)
  object space 67072K, 37% used [0x0000000740000000,0x00000007418400e8,0x0000000744180000)
 Metaspace       used 25051K, capacity 25449K, committed 25728K, reserved 1073152K
  class space    used 2479K, capacity 2629K, committed 2688K, reserved 1048576K
Event: 185.172 GC heap after
Heap after GC invocations=36 (full 1):
 PSYoungGen      total 51712K, used 128K [0x0000000795580000, 0x0000000799380000, 0x00000007c0000000)
  eden space 51200K, 0% used [0x0000000795580000,0x0000000795580000,0x0000000798780000)
  from space 512K, 25% used [0x0000000798880000,0x00000007988a0000,0x0000000798900000)
  to   space 6144K, 0% used [0x0000000798d80000,0x0000000798d80000,0x0000000799380000)
 ParOldGen       total 67072K, used 24864K [0x0000000740000000, 0x0000000744180000, 0x0000000795580000)
  object space 67072K, 37% used [0x0000000740000000,0x00000007418480e8,0x0000000744180000)
 Metaspace       used 25051K, capacity 25449K, committed 25728K, reserved 1073152K
  class space    used 2479K, capacity 2629K, committed 2688K, reserved 1048576K
}
Event: 188.550 GC heap before
{Heap before GC invocations=37 (full 1):
 PSYoungGen      total 51712K, used 51328K [0x0000000795580000, 0x0000000799380000, 0x00000007c0000000)
  eden space 51200K, 100% used [0x0000000795580000,0x0000000798780000,0x0000000798780000)
  from space 512K, 25% used [0x0000000798880000,0x00000007988a0000,0x0000000798900000)
  to   space 6144K, 0% used [0x0000000798d80000,0x0000000798d80000,0x0000000799380000)
 ParOldGen       total 67072K, used 24864K [0x0000000740000000, 0x0000000744180000, 0x0000000795580000)
  object space 67072K, 37% used [0x0000000740000000,0x00000007418480e8,0x0000000744180000)
 Metaspace       used 25059K, capacity 25449K, committed 25728K, reserved 1073152K
  class space    used 2479K, capacity 2629K, committed 2688K, reserved 1048576K
Event: 188.553 GC heap after
Heap after GC invocations=37 (full 1):
 PSYoungGen      total 55296K, used 1392K [0x0000000795580000, 0x0000000799280000, 0x00000007c0000000)
  eden space 50176K, 0% used [0x0000000795580000,0x0000000795580000,0x0000000798680000)
  from space 5120K, 27% used [0x0000000798d80000,0x0000000798edc050,0x0000000799280000)
  to   space 6144K, 0% used [0x0000000798680000,0x0000000798680000,0x0000000798c80000)
 ParOldGen       total 67072K, used 24872K [0x0000000740000000, 0x0000000744180000, 0x0000000795580000)
  object space 67072K, 37% used [0x0000000740000000,0x000000074184a0e8,0x0000000744180000)
 Metaspace       used 25059K, capacity 25449K, committed 25728K, reserved 1073152K
  class space    used 2479K, capacity 2629K, committed 2688K, reserved 1048576K
}

